        -:    0:Source:cardtest1.c
        -:    0:Graph:cardtest1.gcno
        -:    0:Data:cardtest1.gcda
        -:    0:Runs:1
        -:    0:Programs:1
        -:    1:#include "dominion.h"
        -:    2:#include "dominion_helpers.h"
        -:    3:#include <string.h>
        -:    4:#include <stdio.h>
        -:    5:#include <assert.h>
        -:    6:#include "rngs.h"
        -:    7:#include <stdlib.h>
        -:    8:
        -:    9:#define TESTCARD "smithy"
        -:   10:
        -:   11:// Counters for number of tests and failed tests
        -:   12:int numFailedTests = 0;
        -:   13:int numTests = 0;
        -:   14:
        -:   15:// custom assert 
       18:   16:void assertTF(int value1, int value2) {
       18:   17:    if (value1 == value2) {
       16:   18:        printf("PASSED\n");
        -:   19:    }
        -:   20:    else {
        2:   21:        printf("FAILED\n");
        2:   22:        numFailedTests++;
        -:   23:    }
       18:   24:}
        -:   25:
        1:   26:int main () {
        1:   27:    int numPlayers = 2;
        1:   28:    int player0 = 0;
        1:   29:    int player1 = 1;
        1:   30:    int handPos = 0;
        1:   31:    int discard = 1;
        -:   32:    int choice1, choice2, choice3;
        1:   33:    choice1 = choice2 = choice3 = 0;
        1:   34:    int bonus = 0;
        -:   35:
        -:   36:    // kingdom cards in use
        1:   37:    int k[10] = {adventurer, minion, feast, gardens, mine,
        -:   38:               tribute, smithy, village, baron, council_room};
        -:   39:
        1:   40:    int seed = 99;
        -:   41:
        -:   42:    // state to use for init game and beginningState to check if state changed
        -:   43:    struct gameState state, beginningState;
        -:   44:
        -:   45:    // create a game state
        1:   46:    initializeGame(numPlayers, k, seed, &state);
        -:   47:
        1:   48:    printf("----------------- Testing Card: %s ----------------\n", TESTCARD);
        -:   49:
        1:   50:    memcpy(&beginningState, &state, sizeof(struct gameState));
        1:   51:    cardEffect(smithy, choice1, choice2, choice3, &state, handPos, &bonus);
        -:   52:
        -:   53:    // TEST 1: Current player receives exactly 3 cards
        1:   54:    numTests++;
        1:   55:    printf("TEST 1: Player0 plays smithy and receives exactly 3 cards\n");
        1:   56:    printf("Player0 gains 3 cards: ");
        1:   57:    assertTF(state.handCount[player0], beginningState.handCount[player0] + 3 - discard);
        -:   58:
        -:   59:    // TEST 2: Check if smithy card is recorded as played
        1:   60:    numTests++;
        1:   61:    printf("\nTEST 2: Check if smithy card was recorded as played\n");
        1:   62:    printf("smithy card was recorded as played: ");
        1:   63:    assertTF(state.playedCardCount, beginningState.playedCardCount + 1);
        -:   64:
        -:   65:    // TEST 3: Current player gains 3 cards from his own pile
        1:   66:    numTests++;
        1:   67:    printf("\nTEST 3: Player0 gains 3 cards from his own pile\n");
        1:   68:    printf("Player0 drew 3 cards from his own pile: ");
        1:   69:    assertTF(state.deckCount[player0], beginningState.deckCount[player0] - 3);
        -:   70:
        -:   71:    // TEST 4: No state change occurs for other player
        1:   72:    numTests++;
        1:   73:    printf("\nTEST 4: No state change occurs for player1\n");
        1:   74:    printf("Player1 hand count was not changed: ");
        1:   75:    assertTF(state.handCount[player1], beginningState.handCount[player1]);
        1:   76:    printf("Player1 deck count was not changed: ");
        1:   77:    assertTF(state.deckCount[player1], beginningState.deckCount[player1]);
        -:   78:
        -:   79:    // TEST 5: No state change occurs to the victory card piles
        1:   80:    numTests++;
        1:   81:    printf("\nTEST 5: No state change occurs to victory card piles\n");
        1:   82:    printf("Estate pile unchanged: ");
        1:   83:    assertTF(state.supplyCount[estate], beginningState.supplyCount[estate]);
        1:   84:    printf("Duchy pile unchanged: ");
        1:   85:    assertTF(state.supplyCount[duchy], beginningState.supplyCount[duchy]);
        1:   86:    printf("Province pile unchanged: ");
        1:   87:    assertTF(state.supplyCount[province], beginningState.supplyCount[province]);
        -:   88:
        -:   89:    // TEST 6: No state change occurs to the kingdom card piles
        1:   90:    numTests++;
        1:   91:    printf("\nTEST 6: No state change occurs to kingdom card piles\n");
       11:   92:    for (int x = 0; x < 10; x++) {
       10:   93:        printf("Card %d: ", x);
       10:   94:        assertTF(state.supplyCount[k[x]], beginningState.supplyCount[k[x]]);
        -:   95:    }
        -:   96:
        1:   97:    printf("\n----End Tests for %s----\n", TESTCARD);
        1:   98:    printf("\nNumber of Tests Ran: %d\n", numTests);
        -:   99:    
        1:  100:    if (numFailedTests == 0) {
    #####:  101:        printf("All tests for %s PASSED\n", TESTCARD);
        -:  102:    }
        -:  103:    else {
        1:  104:        printf("Number of Tests Failed: %d\n", numFailedTests);
        -:  105:    }
        -:  106:
        1:  107:    return 0;
        -:  108:}
