        -:    0:Source:dominion.c
        -:    0:Graph:dominion.gcno
        -:    0:Data:dominion.gcda
        -:    0:Runs:1
        -:    0:Programs:1
        -:    1:#include "dominion.h"
        -:    2:#include "dominion_helpers.h"
        -:    3:#include "rngs.h"
        -:    4:#include <stdio.h>
        -:    5:#include <math.h>
        -:    6:#include <stdlib.h>
        -:    7:
       30:    8:int compare(const void *a, const void *b)
        -:    9:{
       30:   10:  if (*(int *)a > *(int *)b)
    #####:   11:    return 1;
       30:   12:  if (*(int *)a < *(int *)b)
        8:   13:    return -1;
       22:   14:  return 0;
        -:   15:}
        -:   16:
    #####:   17:struct gameState *newGame()
        -:   18:{
    #####:   19:  struct gameState *g = malloc(sizeof(struct gameState));
    #####:   20:  return g;
        -:   21:}
        -:   22:
    #####:   23:int *kingdomCards(int k1, int k2, int k3, int k4, int k5, int k6, int k7,
        -:   24:                  int k8, int k9, int k10)
        -:   25:{
    #####:   26:  int *k = malloc(10 * sizeof(int));
    #####:   27:  k[0] = k1;
    #####:   28:  k[1] = k2;
    #####:   29:  k[2] = k3;
    #####:   30:  k[3] = k4;
    #####:   31:  k[4] = k5;
    #####:   32:  k[5] = k6;
    #####:   33:  k[6] = k7;
    #####:   34:  k[7] = k8;
    #####:   35:  k[8] = k9;
    #####:   36:  k[9] = k10;
    #####:   37:  return k;
        -:   38:}
        -:   39:
        1:   40:int initializeGame(int numPlayers, int kingdomCards[10], int randomSeed,
        -:   41:                   struct gameState *state)
        -:   42:{
        -:   43:
        -:   44:  int i;
        -:   45:  int j;
        -:   46:  int it;
        -:   47:  //set up random number generator
        1:   48:  SelectStream(1);
        1:   49:  PutSeed((long)randomSeed);
        -:   50:
        -:   51:  //check number of players
        1:   52:  if (numPlayers > MAX_PLAYERS || numPlayers < 2)
        -:   53:  {
    #####:   54:    return -1;
        -:   55:  }
        -:   56:
        -:   57:  //set number of players
        1:   58:  state->numPlayers = numPlayers;
        -:   59:
        -:   60:  //check selected kingdom cards are different
       11:   61:  for (i = 0; i < 10; i++)
        -:   62:  {
      110:   63:    for (j = 0; j < 10; j++)
        -:   64:    {
      100:   65:      if (j != i && kingdomCards[j] == kingdomCards[i])
        -:   66:      {
    #####:   67:        return -1;
        -:   68:      }
        -:   69:    }
        -:   70:  }
        -:   71:
        -:   72:  //initialize supply
        -:   73:  ///////////////////////////////
        -:   74:
        -:   75:  //set number of Curse cards
        1:   76:  if (numPlayers == 2)
        -:   77:  {
        1:   78:    state->supplyCount[curse] = 10;
        -:   79:  }
    #####:   80:  else if (numPlayers == 3)
        -:   81:  {
    #####:   82:    state->supplyCount[curse] = 20;
        -:   83:  }
        -:   84:  else
        -:   85:  {
    #####:   86:    state->supplyCount[curse] = 30;
        -:   87:  }
        -:   88:
        -:   89:  //set number of Victory cards
        1:   90:  if (numPlayers == 2)
        -:   91:  {
        1:   92:    state->supplyCount[estate] = 8;
        1:   93:    state->supplyCount[duchy] = 8;
        1:   94:    state->supplyCount[province] = 8;
        -:   95:  }
        -:   96:  else
        -:   97:  {
    #####:   98:    state->supplyCount[estate] = 12;
    #####:   99:    state->supplyCount[duchy] = 12;
    #####:  100:    state->supplyCount[province] = 12;
        -:  101:  }
        -:  102:
        -:  103:  //set number of Treasure cards
        1:  104:  state->supplyCount[copper] = 60 - (7 * numPlayers);
        1:  105:  state->supplyCount[silver] = 40;
        1:  106:  state->supplyCount[gold] = 30;
        -:  107:
        -:  108:  //set number of Kingdom cards
       21:  109:  for (i = adventurer; i <= treasure_map; i++) //loop all cards
        -:  110:  {
      165:  111:    for (j = 0; j < 10; j++) //loop chosen cards
        -:  112:    {
      155:  113:      if (kingdomCards[j] == i)
        -:  114:      {
        -:  115:        //check if card is a 'Victory' Kingdom card
       10:  116:        if (kingdomCards[j] == great_hall || kingdomCards[j] == gardens)
        -:  117:        {
        2:  118:          if (numPlayers == 2)
        -:  119:          {
        1:  120:            state->supplyCount[i] = 8;
        -:  121:          }
        -:  122:          else
        -:  123:          {
    #####:  124:            state->supplyCount[i] = 12;
        -:  125:          }
        -:  126:        }
        -:  127:        else
        -:  128:        {
        9:  129:          state->supplyCount[i] = 10;
        -:  130:        }
       10:  131:        break;
        -:  132:      }
        -:  133:      else //card is not in the set choosen for the game
        -:  134:      {
      145:  135:        state->supplyCount[i] = -1;
        -:  136:      }
        -:  137:    }
        -:  138:  }
        -:  139:
        -:  140:  ////////////////////////
        -:  141:  //supply intilization complete
        -:  142:
        -:  143:  //set player decks
        3:  144:  for (i = 0; i < numPlayers; i++)
        -:  145:  {
        2:  146:    state->deckCount[i] = 0;
        8:  147:    for (j = 0; j < 3; j++)
        -:  148:    {
        6:  149:      state->deck[i][j] = estate;
        6:  150:      state->deckCount[i]++;
        -:  151:    }
       16:  152:    for (j = 3; j < 10; j++)
        -:  153:    {
       14:  154:      state->deck[i][j] = copper;
       14:  155:      state->deckCount[i]++;
        -:  156:    }
        -:  157:  }
        -:  158:
        -:  159:  //shuffle player decks
        3:  160:  for (i = 0; i < numPlayers; i++)
        -:  161:  {
        2:  162:    if (shuffle(i, state) < 0)
        -:  163:    {
    #####:  164:      return -1;
        -:  165:    }
        -:  166:  }
        -:  167:
        -:  168:  //draw player hands
        3:  169:  for (i = 0; i < numPlayers; i++)
        -:  170:  {
        -:  171:    //initialize hand size to zero
        2:  172:    state->handCount[i] = 0;
        2:  173:    state->discardCount[i] = 0;
        -:  174:    //draw 5 cards
        -:  175:    // for (j = 0; j < 5; j++)
        -:  176:    //	{
        -:  177:    //	  drawCard(i, state);
        -:  178:    //	}
        -:  179:  }
        -:  180:
        -:  181:  //set embargo tokens to 0 for all supply piles
       28:  182:  for (i = 0; i <= treasure_map; i++)
        -:  183:  {
       27:  184:    state->embargoTokens[i] = 0;
        -:  185:  }
        -:  186:
        -:  187:  //initialize first player's turn
        1:  188:  state->outpostPlayed = 0;
        1:  189:  state->phase = 0;
        1:  190:  state->numActions = 1;
        1:  191:  state->numBuys = 1;
        1:  192:  state->playedCardCount = 0;
        1:  193:  state->whoseTurn = 0;
        1:  194:  state->handCount[state->whoseTurn] = 0;
        -:  195:  //int it; move to top
        -:  196:
        -:  197:  //Moved draw cards to here, only drawing at the start of a turn
        6:  198:  for (it = 0; it < 5; it++)
        -:  199:  {
        5:  200:    drawCard(state->whoseTurn, state);
        -:  201:  }
        -:  202:
        1:  203:  updateCoins(state->whoseTurn, state, 0);
        -:  204:
        1:  205:  return 0;
        -:  206:}
        -:  207:
        2:  208:int shuffle(int player, struct gameState *state)
        -:  209:{
        -:  210:
        -:  211:  int newDeck[MAX_DECK];
        2:  212:  int newDeckPos = 0;
        -:  213:  int card;
        -:  214:  int i;
        -:  215:
        2:  216:  if (state->deckCount[player] < 1)
    #####:  217:    return -1;
        2:  218:  qsort((void *)(state->deck[player]), state->deckCount[player], sizeof(int), compare);
        -:  219:  /* SORT CARDS IN DECK TO ENSURE DETERMINISM! */
        -:  220:
       24:  221:  while (state->deckCount[player] > 0)
        -:  222:  {
       20:  223:    card = floor(Random() * state->deckCount[player]);
       20:  224:    newDeck[newDeckPos] = state->deck[player][card];
       20:  225:    newDeckPos++;
       62:  226:    for (i = card; i < state->deckCount[player] - 1; i++)
        -:  227:    {
       42:  228:      state->deck[player][i] = state->deck[player][i + 1];
        -:  229:    }
       20:  230:    state->deckCount[player]--;
        -:  231:  }
       22:  232:  for (i = 0; i < newDeckPos; i++)
        -:  233:  {
       20:  234:    state->deck[player][i] = newDeck[i];
       20:  235:    state->deckCount[player]++;
        -:  236:  }
        -:  237:
        2:  238:  return 0;
        -:  239:}
        -:  240:
    #####:  241:int playCard(int handPos, int choice1, int choice2, int choice3, struct gameState *state)
        -:  242:{
        -:  243:  int card;
    #####:  244:  int coin_bonus = 0; //tracks coins gain from actions
        -:  245:
        -:  246:  //check if it is the right phase
    #####:  247:  if (state->phase != 0)
        -:  248:  {
    #####:  249:    return -1;
        -:  250:  }
        -:  251:
        -:  252:  //check if player has enough actions
    #####:  253:  if (state->numActions < 1)
        -:  254:  {
    #####:  255:    return -1;
        -:  256:  }
        -:  257:
        -:  258:  //get card played
    #####:  259:  card = handCard(handPos, state);
        -:  260:
        -:  261:  //check if selected card is an action
    #####:  262:  if (card < adventurer || card > treasure_map)
        -:  263:  {
    #####:  264:    return -1;
        -:  265:  }
        -:  266:
        -:  267:  //play card
    #####:  268:  if (cardEffect(card, choice1, choice2, choice3, state, handPos, &coin_bonus) < 0)
        -:  269:  {
    #####:  270:    return -1;
        -:  271:  }
        -:  272:
        -:  273:  //reduce number of actions
    #####:  274:  state->numActions--;
        -:  275:
        -:  276:  //update coins (Treasure cards may be added with card draws)
    #####:  277:  updateCoins(state->whoseTurn, state, coin_bonus);
        -:  278:
    #####:  279:  return 0;
        -:  280:}
        -:  281:
    #####:  282:int buyCard(int supplyPos, struct gameState *state)
        -:  283:{
        -:  284:  int who;
        -:  285:  if (DEBUG)
        -:  286:  {
        -:  287:    printf("Entering buyCard...\n");
        -:  288:  }
        -:  289:
        -:  290:  // I don't know what to do about the phase thing.
        -:  291:
    #####:  292:  who = state->whoseTurn;
        -:  293:
    #####:  294:  if (state->numBuys < 1)
        -:  295:  {
        -:  296:    if (DEBUG)
        -:  297:      printf("You do not have any buys left\n");
    #####:  298:    return -1;
        -:  299:  }
    #####:  300:  else if (supplyCount(supplyPos, state) < 1)
        -:  301:  {
        -:  302:    if (DEBUG)
        -:  303:      printf("There are not any of that type of card left\n");
    #####:  304:    return -1;
        -:  305:  }
    #####:  306:  else if (state->coins < getCost(supplyPos))
        -:  307:  {
        -:  308:    if (DEBUG)
        -:  309:      printf("You do not have enough money to buy that. You have %d coins.\n", state->coins);
    #####:  310:    return -1;
        -:  311:  }
        -:  312:  else
        -:  313:  {
    #####:  314:    state->phase = 1;
        -:  315:    //state->supplyCount[supplyPos]--;
    #####:  316:    gainCard(supplyPos, state, 0, who); //card goes in discard, this might be wrong.. (2 means goes into hand, 0 goes into discard)
        -:  317:
    #####:  318:    state->coins = (state->coins) - (getCost(supplyPos));
    #####:  319:    state->numBuys--;
        -:  320:    if (DEBUG)
        -:  321:      printf("You bought card number %d for %d coins. You now have %d buys and %d coins.\n", supplyPos, getCost(supplyPos), state->numBuys, state->coins);
        -:  322:  }
        -:  323:
        -:  324:  //state->discard[who][state->discardCount[who]] = supplyPos;
        -:  325:  //state->discardCount[who]++;
        -:  326:
    #####:  327:  return 0;
        -:  328:}
        -:  329:
    #####:  330:int numHandCards(struct gameState *state)
        -:  331:{
    #####:  332:  return state->handCount[whoseTurn(state)];
        -:  333:}
        -:  334:
    #####:  335:int handCard(int handPos, struct gameState *state)
        -:  336:{
    #####:  337:  int currentPlayer = whoseTurn(state);
    #####:  338:  return state->hand[currentPlayer][handPos];
        -:  339:}
        -:  340:
    #####:  341:int supplyCount(int card, struct gameState *state)
        -:  342:{
    #####:  343:  return state->supplyCount[card];
        -:  344:}
        -:  345:
    #####:  346:int fullDeckCount(int player, int card, struct gameState *state)
        -:  347:{
        -:  348:  int i;
    #####:  349:  int count = 0;
        -:  350:
    #####:  351:  for (i = 0; i < state->deckCount[player]; i++)
        -:  352:  {
    #####:  353:    if (state->deck[player][i] == card)
    #####:  354:      count++;
        -:  355:  }
        -:  356:
    #####:  357:  for (i = 0; i < state->handCount[player]; i++)
        -:  358:  {
    #####:  359:    if (state->hand[player][i] == card)
    #####:  360:      count++;
        -:  361:  }
        -:  362:
    #####:  363:  for (i = 0; i < state->discardCount[player]; i++)
        -:  364:  {
    #####:  365:    if (state->discard[player][i] == card)
    #####:  366:      count++;
        -:  367:  }
        -:  368:
    #####:  369:  return count;
        -:  370:}
        -:  371:
        1:  372:int whoseTurn(struct gameState *state)
        -:  373:{
        1:  374:  return state->whoseTurn;
        -:  375:}
        -:  376:
    #####:  377:int endTurn(struct gameState *state)
        -:  378:{
        -:  379:  int k;
        -:  380:  int i;
    #####:  381:  int currentPlayer = whoseTurn(state);
        -:  382:
        -:  383:  //Discard hand
    #####:  384:  for (i = 0; i < state->handCount[currentPlayer]; i++)
        -:  385:  {
    #####:  386:    state->discard[currentPlayer][state->discardCount[currentPlayer]++] = state->hand[currentPlayer][i]; //Discard
    #####:  387:    state->hand[currentPlayer][i] = -1;                                                                  //Set card to -1
        -:  388:  }
    #####:  389:  state->handCount[currentPlayer] = 0; //Reset hand count
        -:  390:
        -:  391:  //Code for determining the player
    #####:  392:  if (currentPlayer < (state->numPlayers - 1))
        -:  393:  {
    #####:  394:    state->whoseTurn = currentPlayer + 1; //Still safe to increment
        -:  395:  }
        -:  396:  else
        -:  397:  {
    #####:  398:    state->whoseTurn = 0; //Max player has been reached, loop back around to player 1
        -:  399:  }
        -:  400:
    #####:  401:  state->outpostPlayed = 0;
    #####:  402:  state->phase = 0;
    #####:  403:  state->numActions = 1;
    #####:  404:  state->coins = 0;
    #####:  405:  state->numBuys = 1;
    #####:  406:  state->playedCardCount = 0;
    #####:  407:  state->handCount[state->whoseTurn] = 0;
        -:  408:
        -:  409:  //int k; move to top
        -:  410:  //Next player draws hand
    #####:  411:  for (k = 0; k < 5; k++)
        -:  412:  {
    #####:  413:    drawCard(state->whoseTurn, state); //Draw a card
        -:  414:  }
        -:  415:
        -:  416:  //Update money
    #####:  417:  updateCoins(state->whoseTurn, state, 0);
        -:  418:
    #####:  419:  return 0;
        -:  420:}
        -:  421:
    #####:  422:int isGameOver(struct gameState *state)
        -:  423:{
        -:  424:  int i;
        -:  425:  int j;
        -:  426:
        -:  427:  //if stack of Province cards is empty, the game ends
    #####:  428:  if (state->supplyCount[province] == 0)
        -:  429:  {
    #####:  430:    return 1;
        -:  431:  }
        -:  432:
        -:  433:  //if three supply pile are at 0, the game ends
    #####:  434:  j = 0;
    #####:  435:  for (i = 0; i < 25; i++)
        -:  436:  {
    #####:  437:    if (state->supplyCount[i] == 0)
        -:  438:    {
    #####:  439:      j++;
        -:  440:    }
        -:  441:  }
    #####:  442:  if (j >= 3)
        -:  443:  {
    #####:  444:    return 1;
        -:  445:  }
        -:  446:
    #####:  447:  return 0;
        -:  448:}
        -:  449:
    #####:  450:int scoreFor(int player, struct gameState *state)
        -:  451:{
        -:  452:
        -:  453:  int i;
    #####:  454:  int score = 0;
        -:  455:  //score from hand
    #####:  456:  for (i = 0; i < state->handCount[player]; i++)
        -:  457:  {
    #####:  458:    if (state->hand[player][i] == curse)
        -:  459:    {
    #####:  460:      score = score - 1;
        -:  461:    };
    #####:  462:    if (state->hand[player][i] == estate)
        -:  463:    {
    #####:  464:      score = score + 1;
        -:  465:    };
    #####:  466:    if (state->hand[player][i] == duchy)
        -:  467:    {
    #####:  468:      score = score + 3;
        -:  469:    };
    #####:  470:    if (state->hand[player][i] == province)
        -:  471:    {
    #####:  472:      score = score + 6;
        -:  473:    };
    #####:  474:    if (state->hand[player][i] == great_hall)
        -:  475:    {
    #####:  476:      score = score + 1;
        -:  477:    };
    #####:  478:    if (state->hand[player][i] == gardens)
        -:  479:    {
    #####:  480:      score = score + (fullDeckCount(player, 0, state) / 10);
        -:  481:    };
        -:  482:  }
        -:  483:
        -:  484:  //score from discard
    #####:  485:  for (i = 0; i < state->discardCount[player]; i++)
        -:  486:  {
    #####:  487:    if (state->discard[player][i] == curse)
        -:  488:    {
    #####:  489:      score = score - 1;
        -:  490:    };
    #####:  491:    if (state->discard[player][i] == estate)
        -:  492:    {
    #####:  493:      score = score + 1;
        -:  494:    };
    #####:  495:    if (state->discard[player][i] == duchy)
        -:  496:    {
    #####:  497:      score = score + 3;
        -:  498:    };
    #####:  499:    if (state->discard[player][i] == province)
        -:  500:    {
    #####:  501:      score = score + 6;
        -:  502:    };
    #####:  503:    if (state->discard[player][i] == great_hall)
        -:  504:    {
    #####:  505:      score = score + 1;
        -:  506:    };
    #####:  507:    if (state->discard[player][i] == gardens)
        -:  508:    {
    #####:  509:      score = score + (fullDeckCount(player, 0, state) / 10);
        -:  510:    };
        -:  511:  }
        -:  512:
        -:  513:  //score from deck
    #####:  514:  for (i = 0; i < state->discardCount[player]; i++)
        -:  515:  {
    #####:  516:    if (state->deck[player][i] == curse)
        -:  517:    {
    #####:  518:      score = score - 1;
        -:  519:    };
    #####:  520:    if (state->deck[player][i] == estate)
        -:  521:    {
    #####:  522:      score = score + 1;
        -:  523:    };
    #####:  524:    if (state->deck[player][i] == duchy)
        -:  525:    {
    #####:  526:      score = score + 3;
        -:  527:    };
    #####:  528:    if (state->deck[player][i] == province)
        -:  529:    {
    #####:  530:      score = score + 6;
        -:  531:    };
    #####:  532:    if (state->deck[player][i] == great_hall)
        -:  533:    {
    #####:  534:      score = score + 1;
        -:  535:    };
    #####:  536:    if (state->deck[player][i] == gardens)
        -:  537:    {
    #####:  538:      score = score + (fullDeckCount(player, 0, state) / 10);
        -:  539:    };
        -:  540:  }
        -:  541:
    #####:  542:  return score;
        -:  543:}
        -:  544:
    #####:  545:int getWinners(int players[MAX_PLAYERS], struct gameState *state)
        -:  546:{
        -:  547:  int i;
        -:  548:  int j;
        -:  549:  int highScore;
        -:  550:  int currentPlayer;
        -:  551:
        -:  552:  //get score for each player
    #####:  553:  for (i = 0; i < MAX_PLAYERS; i++)
        -:  554:  {
        -:  555:    //set unused player scores to -9999
    #####:  556:    if (i >= state->numPlayers)
        -:  557:    {
    #####:  558:      players[i] = -9999;
        -:  559:    }
        -:  560:    else
        -:  561:    {
    #####:  562:      players[i] = scoreFor(i, state);
        -:  563:    }
        -:  564:  }
        -:  565:
        -:  566:  //find highest score
    #####:  567:  j = 0;
    #####:  568:  for (i = 0; i < MAX_PLAYERS; i++)
        -:  569:  {
    #####:  570:    if (players[i] > players[j])
        -:  571:    {
    #####:  572:      j = i;
        -:  573:    }
        -:  574:  }
    #####:  575:  highScore = players[j];
        -:  576:
        -:  577:  //add 1 to players who had less turns
    #####:  578:  currentPlayer = whoseTurn(state);
    #####:  579:  for (i = 0; i < MAX_PLAYERS; i++)
        -:  580:  {
    #####:  581:    if (players[i] == highScore && i > currentPlayer)
        -:  582:    {
    #####:  583:      players[i]++;
        -:  584:    }
        -:  585:  }
        -:  586:
        -:  587:  //find new highest score
    #####:  588:  j = 0;
    #####:  589:  for (i = 0; i < MAX_PLAYERS; i++)
        -:  590:  {
    #####:  591:    if (players[i] > players[j])
        -:  592:    {
    #####:  593:      j = i;
        -:  594:    }
        -:  595:  }
    #####:  596:  highScore = players[j];
        -:  597:
        -:  598:  //set winners in array to 1 and rest to 0
    #####:  599:  for (i = 0; i < MAX_PLAYERS; i++)
        -:  600:  {
    #####:  601:    if (players[i] == highScore)
        -:  602:    {
    #####:  603:      players[i] = 1;
        -:  604:    }
        -:  605:    else
        -:  606:    {
    #####:  607:      players[i] = 0;
        -:  608:    }
        -:  609:  }
        -:  610:
    #####:  611:  return 0;
        -:  612:}
        -:  613:
        6:  614:int drawCard(int player, struct gameState *state)
        -:  615:{
        -:  616:  int count;
        -:  617:  int deckCounter;
        6:  618:  if (state->deckCount[player] <= 0)
        -:  619:  { //Deck is empty
        -:  620:
        -:  621:    //Step 1 Shuffle the discard pile back into a deck
        -:  622:    int i;
        -:  623:    //Move discard to deck
    #####:  624:    for (i = 0; i < state->discardCount[player]; i++)
        -:  625:    {
    #####:  626:      state->deck[player][i] = state->discard[player][i];
    #####:  627:      state->discard[player][i] = -1;
        -:  628:    }
        -:  629:
    #####:  630:    state->deckCount[player] = state->discardCount[player];
    #####:  631:    state->discardCount[player] = 0; //Reset discard
        -:  632:
        -:  633:    //Shufffle the deck
    #####:  634:    shuffle(player, state); //Shuffle the deck up and make it so that we can draw
        -:  635:
        -:  636:    if (DEBUG)
        -:  637:    { //Debug statements
        -:  638:      printf("Deck count now: %d\n", state->deckCount[player]);
        -:  639:    }
        -:  640:
    #####:  641:    state->discardCount[player] = 0;
        -:  642:
        -:  643:    //Step 2 Draw Card
    #####:  644:    count = state->handCount[player]; //Get current player's hand count
        -:  645:
        -:  646:    if (DEBUG)
        -:  647:    { //Debug statements
        -:  648:      printf("Current hand count: %d\n", count);
        -:  649:    }
        -:  650:
    #####:  651:    deckCounter = state->deckCount[player]; //Create a holder for the deck count
        -:  652:
    #####:  653:    if (deckCounter == 0)
    #####:  654:      return -1;
        -:  655:
    #####:  656:    state->hand[player][count] = state->deck[player][deckCounter - 1]; //Add card to hand
    #####:  657:    state->deckCount[player]--;
    #####:  658:    state->handCount[player]++; //Increment hand count
        -:  659:  }
        -:  660:
        -:  661:  else
        -:  662:  {
        6:  663:    int count = state->handCount[player]; //Get current hand count for player
        -:  664:    int deckCounter;
        -:  665:    if (DEBUG)
        -:  666:    { //Debug statements
        -:  667:      printf("Current hand count: %d\n", count);
        -:  668:    }
        -:  669:
        6:  670:    deckCounter = state->deckCount[player];                            //Create holder for the deck count
        6:  671:    state->hand[player][count] = state->deck[player][deckCounter - 1]; //Add card to the hand
        6:  672:    state->deckCount[player]--;
        6:  673:    state->handCount[player]++; //Increment hand count
        -:  674:  }
        -:  675:
        6:  676:  return 0;
        -:  677:}
        -:  678:
    #####:  679:int getCost(int cardNumber)
        -:  680:{
    #####:  681:  switch (cardNumber)
        -:  682:  {
        -:  683:  case curse:
    #####:  684:    return 0;
        -:  685:  case estate:
    #####:  686:    return 2;
        -:  687:  case duchy:
    #####:  688:    return 5;
        -:  689:  case province:
    #####:  690:    return 8;
        -:  691:  case copper:
    #####:  692:    return 0;
        -:  693:  case silver:
    #####:  694:    return 3;
        -:  695:  case gold:
    #####:  696:    return 6;
        -:  697:  case adventurer:
    #####:  698:    return 6;
        -:  699:  case council_room:
    #####:  700:    return 5;
        -:  701:  case feast:
    #####:  702:    return 4;
        -:  703:  case gardens:
    #####:  704:    return 4;
        -:  705:  case mine:
    #####:  706:    return 5;
        -:  707:  case remodel:
    #####:  708:    return 4;
        -:  709:  case smithy:
    #####:  710:    return 4;
        -:  711:  case village:
    #####:  712:    return 3;
        -:  713:  case baron:
    #####:  714:    return 4;
        -:  715:  case great_hall:
    #####:  716:    return 3;
        -:  717:  case minion:
    #####:  718:    return 5;
        -:  719:  case steward:
    #####:  720:    return 3;
        -:  721:  case tribute:
    #####:  722:    return 5;
        -:  723:  case ambassador:
    #####:  724:    return 3;
        -:  725:  case cutpurse:
    #####:  726:    return 4;
        -:  727:  case embargo:
    #####:  728:    return 2;
        -:  729:  case outpost:
    #####:  730:    return 5;
        -:  731:  case salvager:
    #####:  732:    return 4;
        -:  733:  case sea_hag:
    #####:  734:    return 4;
        -:  735:  case treasure_map:
    #####:  736:    return 4;
        -:  737:  }
        -:  738:
    #####:  739:  return -1;
        -:  740:}
        -:  741:
        -:  742:// Refactor: 5 cards moved from cardEffect to their own functions
        -:  743:// Cards chosen: Adventurer, Smithy, Village, Minion, Tribute
        -:  744:
    #####:  745:void adventurerCard(int drawntreasure, int handPos, struct gameState *state, int currentPlayer, int z, int temphand[]) {
        -:  746:    int cardDrawn;
        -:  747:    // bug: the player will only be able to draw 1 treasure card (instead of two) and add it to their hand
    #####:  748:    while (drawntreasure < 1)
        -:  749:    {
    #####:  750:      if (state->deckCount[currentPlayer] < 1)
        -:  751:      { //if the deck is empty we need to shuffle discard and add to deck
    #####:  752:        shuffle(currentPlayer, state);
        -:  753:      }
    #####:  754:      drawCard(currentPlayer, state);
    #####:  755:      cardDrawn = state->hand[currentPlayer][state->handCount[currentPlayer] - 1]; //top card of hand is most recently drawn card.
    #####:  756:      if (cardDrawn == copper || cardDrawn == silver || cardDrawn == gold)
    #####:  757:        drawntreasure++;
        -:  758:      else
        -:  759:      {
    #####:  760:        temphand[z] = cardDrawn;
    #####:  761:        state->handCount[currentPlayer]--; //this should just remove the top card (the most recently drawn one).
    #####:  762:        z++;
        -:  763:      }
        -:  764:    }
    #####:  765:    while (z - 1 >= 0)
        -:  766:    {
    #####:  767:      state->discard[currentPlayer][state->discardCount[currentPlayer]++] = temphand[z - 1]; // discard all cards in play that have been drawn
    #####:  768:      z = z - 1;
        -:  769:    }
    #####:  770:}
        -:  771:
    #####:  772:void smithyCard(int handPos, struct gameState *state, int currentPlayer) {
        -:  773:    //+3 Cards
        -:  774:    // bug: allows the player to draw 4 cards and add them to their hand (instead of +3 cards)
    #####:  775:    for (int i = 0; i < 4; i++)
        -:  776:    {
    #####:  777:      drawCard(currentPlayer, state);
        -:  778:    }
        -:  779:
        -:  780:    //discard card from hand
    #####:  781:    discardCard(handPos, currentPlayer, state, 0);
    #####:  782:}
        -:  783:
        1:  784:void villageCard(int handPos, struct gameState *state, int currentPlayer) {
        -:  785:    //+1 Card
        1:  786:    drawCard(currentPlayer, state);
        -:  787:
        -:  788:    //+2 Actions
        1:  789:    state->numActions = state->numActions + 2;
        -:  790:
        -:  791:    //discard played card from hand
        1:  792:    discardCard(handPos, currentPlayer, state, 0);
        1:  793:}
        -:  794:
    #####:  795:void minionCard(int handPos, struct gameState *state, int currentPlayer, int choice1, int choice2) {
        -:  796:    //+1 action
    #####:  797:    state->numActions++;
        -:  798:
        -:  799:    //discard card from hand
    #####:  800:    discardCard(handPos, currentPlayer, state, 0);
        -:  801:
    #####:  802:    if (choice1) //+2 coins
        -:  803:    {
    #####:  804:      state->coins = state->coins + 2;
        -:  805:    }
        -:  806:
    #####:  807:    else if (choice2) //discard hand, redraw 4, other players with 5+ cards discard hand and draw 4
        -:  808:    {
        -:  809:      //discard hand
    #####:  810:      while (numHandCards(state) > 0)
        -:  811:      {
    #####:  812:        discardCard(handPos, currentPlayer, state, 0);
        -:  813:      }
        -:  814:
        -:  815:      //draw 4
    #####:  816:      for (int i = 0; i < 4; i++)
        -:  817:      {
    #####:  818:        drawCard(currentPlayer, state);
        -:  819:      }
        -:  820:
        -:  821:      //other players discard hand and redraw if hand size > 4
    #####:  822:      for (int i = 0; i < state->numPlayers; i++)
        -:  823:      {
    #####:  824:        if (i != currentPlayer)
        -:  825:        {
    #####:  826:          if (state->handCount[i] > 4)
        -:  827:          {
        -:  828:            //discard hand
        -:  829:            // bug: the other player(s) will discard their hand, but the bug will allow them to keep 1 card
    #####:  830:            while (state->handCount[i] > 1)
        -:  831:            {
    #####:  832:              discardCard(handPos, i, state, 0);
        -:  833:            }
        -:  834:
        -:  835:            //draw 4
    #####:  836:            for (int j = 0; j < 4; j++)
        -:  837:            {
    #####:  838:              drawCard(i, state);
        -:  839:            }
        -:  840:          }
        -:  841:        }
        -:  842:      }
        -:  843:    }
    #####:  844:}
        -:  845:
        -:  846:
    #####:  847:void tributeCard(struct gameState *state, int handPos, int currentPlayer, int nextPlayer, int tributeRevealedCards[]) {
    #####:  848:    if ((state->discardCount[nextPlayer] + state->deckCount[nextPlayer]) <= 1)
        -:  849:    {
    #####:  850:      if (state->deckCount[nextPlayer] > 0)
        -:  851:      {
    #####:  852:        tributeRevealedCards[0] = state->deck[nextPlayer][state->deckCount[nextPlayer] - 1];
    #####:  853:        state->deckCount[nextPlayer]--;
        -:  854:      }
    #####:  855:      else if (state->discardCount[nextPlayer] > 0)
        -:  856:      {
    #####:  857:        tributeRevealedCards[0] = state->discard[nextPlayer][state->discardCount[nextPlayer] - 1];
    #####:  858:        state->discardCount[nextPlayer]--;
        -:  859:      }
        -:  860:      else
        -:  861:      {
        -:  862:        //No Card to Reveal
        -:  863:        if (DEBUG)
        -:  864:        {
        -:  865:          printf("No cards to reveal\n");
        -:  866:        }
        -:  867:      }
        -:  868:    }
        -:  869:
        -:  870:    else
        -:  871:    {
    #####:  872:      if (state->deckCount[nextPlayer] == 0)
        -:  873:      {
    #####:  874:        for (int i = 0; i < state->discardCount[nextPlayer]; i++)
        -:  875:        {
    #####:  876:          state->deck[nextPlayer][i] = state->discard[nextPlayer][i]; //Move to deck
    #####:  877:          state->deckCount[nextPlayer]++;
    #####:  878:          state->discard[nextPlayer][i] = -1;
    #####:  879:          state->discardCount[nextPlayer]--;
        -:  880:        }
        -:  881:
    #####:  882:        shuffle(nextPlayer, state); //Shuffle the deck
        -:  883:      }
    #####:  884:      tributeRevealedCards[0] = state->deck[nextPlayer][state->deckCount[nextPlayer] - 1];
    #####:  885:      state->deck[nextPlayer][state->deckCount[nextPlayer]--] = -1;
    #####:  886:      state->deckCount[nextPlayer]--;
    #####:  887:      tributeRevealedCards[1] = state->deck[nextPlayer][state->deckCount[nextPlayer] - 1];
    #####:  888:      state->deck[nextPlayer][state->deckCount[nextPlayer]--] = -1;
    #####:  889:      state->deckCount[nextPlayer]--;
        -:  890:    }
        -:  891:
    #####:  892:    if (tributeRevealedCards[0] == tributeRevealedCards[1])
        -:  893:    { //If we have a duplicate card, just drop one
    #####:  894:      state->playedCards[state->playedCardCount] = tributeRevealedCards[1];
    #####:  895:      state->playedCardCount++;
    #####:  896:      tributeRevealedCards[1] = -1;
        -:  897:    }
        -:  898:
        -:  899:    // bug: OR has been changed to AND in the if/else if conditionals so that the else branch always executes
    #####:  900:    for (int i = 0; i <= 2; i++)
        -:  901:    {
    #####:  902:      if (tributeRevealedCards[i] == copper && tributeRevealedCards[i] == silver && tributeRevealedCards[i] == gold)
        -:  903:      { //Treasure cards
    #####:  904:        state->coins += 2;
        -:  905:      }
        -:  906:
    #####:  907:      else if (tributeRevealedCards[i] == estate && tributeRevealedCards[i] == duchy && tributeRevealedCards[i] == province && tributeRevealedCards[i] == gardens && tributeRevealedCards[i] == great_hall)
        -:  908:      { //Victory Card Found
    #####:  909:        drawCard(currentPlayer, state);
    #####:  910:        drawCard(currentPlayer, state);
        -:  911:      }
        -:  912:      else
        -:  913:      { //Action Card
    #####:  914:        state->numActions = state->numActions + 2;
        -:  915:      }
        -:  916:    }
    #####:  917:}
        -:  918:
        1:  919:int cardEffect(int card, int choice1, int choice2, int choice3, struct gameState *state, int handPos, int *bonus)
        -:  920:{
        -:  921:  int i;
        -:  922:  int j;
        -:  923:  int k;
        -:  924:  int x;
        -:  925:  int index;
        1:  926:  int currentPlayer = whoseTurn(state);
        1:  927:  int nextPlayer = currentPlayer + 1;
        -:  928:
        1:  929:  int tributeRevealedCards[2] = {-1, -1};
        -:  930:  int temphand[MAX_HAND]; // moved above the if statement
        1:  931:  int drawntreasure = 0;
        -:  932:  //int cardDrawn;
        1:  933:  int z = 0; // this is the counter for the temp hand
        1:  934:  if (nextPlayer > (state->numPlayers - 1))
        -:  935:  {
    #####:  936:    nextPlayer = 0;
        -:  937:  }
        -:  938:
        -:  939:  //uses switch to select card and perform actions
        1:  940:  switch (card)
        -:  941:  {
        -:  942:  case adventurer:
    #####:  943:    adventurerCard(drawntreasure, handPos, state, currentPlayer, z, temphand);
    #####:  944:    return 0;
        -:  945:
        -:  946:  case council_room:
        -:  947:    //+4 Cards
    #####:  948:    for (i = 0; i < 4; i++)
        -:  949:    {
    #####:  950:      drawCard(currentPlayer, state);
        -:  951:    }
        -:  952:
        -:  953:    //+1 Buy
    #####:  954:    state->numBuys++;
        -:  955:
        -:  956:    //Each other player draws a card
    #####:  957:    for (i = 0; i < state->numPlayers; i++)
        -:  958:    {
    #####:  959:      if (i != currentPlayer)
        -:  960:      {
    #####:  961:        drawCard(i, state);
        -:  962:      }
        -:  963:    }
        -:  964:
        -:  965:    //put played card in played card pile
    #####:  966:    discardCard(handPos, currentPlayer, state, 0);
        -:  967:
    #####:  968:    return 0;
        -:  969:
        -:  970:  case feast:
        -:  971:    //gain card with cost up to 5
        -:  972:    //Backup hand
    #####:  973:    for (i = 0; i <= state->handCount[currentPlayer]; i++)
        -:  974:    {
    #####:  975:      temphand[i] = state->hand[currentPlayer][i]; //Backup card
    #####:  976:      state->hand[currentPlayer][i] = -1;          //Set to nothing
        -:  977:    }
        -:  978:    //Backup hand
        -:  979:
        -:  980:    //Update Coins for Buy
    #####:  981:    updateCoins(currentPlayer, state, 5);
    #####:  982:    x = 1; //Condition to loop on
    #####:  983:    while (x == 1)
        -:  984:    { //Buy one card
    #####:  985:      if (supplyCount(choice1, state) <= 0)
        -:  986:      {
        -:  987:        if (DEBUG)
        -:  988:          printf("None of that card left, sorry!\n");
        -:  989:
        -:  990:        if (DEBUG)
        -:  991:        {
        -:  992:          printf("Cards Left: %d\n", supplyCount(choice1, state));
        -:  993:        }
        -:  994:      }
    #####:  995:      else if (state->coins < getCost(choice1))
        -:  996:      {
    #####:  997:        printf("That card is too expensive!\n");
        -:  998:
        -:  999:        if (DEBUG)
        -: 1000:        {
        -: 1001:          printf("Coins: %d < %d\n", state->coins, getCost(choice1));
        -: 1002:        }
        -: 1003:      }
        -: 1004:      else
        -: 1005:      {
        -: 1006:
        -: 1007:        if (DEBUG)
        -: 1008:        {
        -: 1009:          printf("Deck Count: %d\n", state->handCount[currentPlayer] + state->deckCount[currentPlayer] + state->discardCount[currentPlayer]);
        -: 1010:        }
        -: 1011:
    #####: 1012:        gainCard(choice1, state, 0, currentPlayer); //Gain the card
    #####: 1013:        x = 0;                                      //No more buying cards
        -: 1014:
        -: 1015:        if (DEBUG)
        -: 1016:        {
        -: 1017:          printf("Deck Count: %d\n", state->handCount[currentPlayer] + state->deckCount[currentPlayer] + state->discardCount[currentPlayer]);
        -: 1018:        }
        -: 1019:      }
        -: 1020:    }
        -: 1021:
        -: 1022:    //Reset Hand
    #####: 1023:    for (i = 0; i <= state->handCount[currentPlayer]; i++)
        -: 1024:    {
    #####: 1025:      state->hand[currentPlayer][i] = temphand[i];
    #####: 1026:      temphand[i] = -1;
        -: 1027:    }
        -: 1028:    //Reset Hand
        -: 1029:
    #####: 1030:    return 0;
        -: 1031:
        -: 1032:  case gardens:
    #####: 1033:    return -1;
        -: 1034:
        -: 1035:  case mine:
    #####: 1036:    j = state->hand[currentPlayer][choice1]; //store card we will trash
        -: 1037:
    #####: 1038:    if (state->hand[currentPlayer][choice1] < copper || state->hand[currentPlayer][choice1] > gold)
        -: 1039:    {
    #####: 1040:      return -1;
        -: 1041:    }
        -: 1042:
    #####: 1043:    if (choice2 > treasure_map || choice2 < curse)
        -: 1044:    {
    #####: 1045:      return -1;
        -: 1046:    }
        -: 1047:
    #####: 1048:    if ((getCost(state->hand[currentPlayer][choice1]) + 3) > getCost(choice2))
        -: 1049:    {
    #####: 1050:      return -1;
        -: 1051:    }
        -: 1052:
    #####: 1053:    gainCard(choice2, state, 2, currentPlayer);
        -: 1054:
        -: 1055:    //discard card from hand
    #####: 1056:    discardCard(handPos, currentPlayer, state, 0);
        -: 1057:
        -: 1058:    //discard trashed card
    #####: 1059:    for (i = 0; i < state->handCount[currentPlayer]; i++)
        -: 1060:    {
    #####: 1061:      if (state->hand[currentPlayer][i] == j)
        -: 1062:      {
    #####: 1063:        discardCard(i, currentPlayer, state, 0);
    #####: 1064:        break;
        -: 1065:      }
        -: 1066:    }
        -: 1067:
    #####: 1068:    return 0;
        -: 1069:
        -: 1070:  case remodel:
    #####: 1071:    j = state->hand[currentPlayer][choice1]; //store card we will trash
        -: 1072:
    #####: 1073:    if ((getCost(state->hand[currentPlayer][choice1]) + 2) > getCost(choice2))
        -: 1074:    {
    #####: 1075:      return -1;
        -: 1076:    }
        -: 1077:
    #####: 1078:    gainCard(choice2, state, 0, currentPlayer);
        -: 1079:
        -: 1080:    //discard card from hand
    #####: 1081:    discardCard(handPos, currentPlayer, state, 0);
        -: 1082:
        -: 1083:    //discard trashed card
    #####: 1084:    for (i = 0; i < state->handCount[currentPlayer]; i++)
        -: 1085:    {
    #####: 1086:      if (state->hand[currentPlayer][i] == j)
        -: 1087:      {
    #####: 1088:        discardCard(i, currentPlayer, state, 0);
    #####: 1089:        break;
        -: 1090:      }
        -: 1091:    }
        -: 1092:
    #####: 1093:    return 0;
        -: 1094:
        -: 1095:  case smithy:
    #####: 1096:    smithyCard(handPos, state, currentPlayer);
    #####: 1097:    return 0;
        -: 1098:
        -: 1099:  case village:
        1: 1100:    villageCard(handPos, state, currentPlayer);
        1: 1101:    return 0;
        -: 1102:
        -: 1103:  case baron:
    #####: 1104:    state->numBuys++; //Increase buys by 1!
    #####: 1105:    if (choice1 > 0)
        -: 1106:    {                             //Boolean true or going to discard an estate
    #####: 1107:      int p = 0;                  //Iterator for hand!
    #####: 1108:      int card_not_discarded = 1; //Flag for discard set!
    #####: 1109:      while (card_not_discarded)
        -: 1110:      {
    #####: 1111:        if (state->hand[currentPlayer][p] == estate)
        -: 1112:        {                    //Found an estate card!
    #####: 1113:          state->coins += 4; //Add 4 coins to the amount of coins
    #####: 1114:          state->discard[currentPlayer][state->discardCount[currentPlayer]] = state->hand[currentPlayer][p];
    #####: 1115:          state->discardCount[currentPlayer]++;
    #####: 1116:          for (; p < state->handCount[currentPlayer]; p++)
        -: 1117:          {
    #####: 1118:            state->hand[currentPlayer][p] = state->hand[currentPlayer][p + 1];
        -: 1119:          }
    #####: 1120:          state->hand[currentPlayer][state->handCount[currentPlayer]] = -1;
    #####: 1121:          state->handCount[currentPlayer]--;
    #####: 1122:          card_not_discarded = 0; //Exit the loop
        -: 1123:        }
    #####: 1124:        else if (p > state->handCount[currentPlayer])
        -: 1125:        {
        -: 1126:          if (DEBUG)
        -: 1127:          {
        -: 1128:            printf("No estate cards in your hand, invalid choice\n");
        -: 1129:            printf("Must gain an estate if there are any\n");
        -: 1130:          }
    #####: 1131:          if (supplyCount(estate, state) > 0)
        -: 1132:          {
    #####: 1133:            gainCard(estate, state, 0, currentPlayer);
    #####: 1134:            state->supplyCount[estate]--; //Decrement estates
    #####: 1135:            if (supplyCount(estate, state) == 0)
        -: 1136:            {
    #####: 1137:              isGameOver(state);
        -: 1138:            }
        -: 1139:          }
    #####: 1140:          card_not_discarded = 0; //Exit the loop
        -: 1141:        }
        -: 1142:
        -: 1143:        else
        -: 1144:        {
    #####: 1145:          p++; //Next card
        -: 1146:        }
        -: 1147:      }
        -: 1148:    }
        -: 1149:
        -: 1150:    else
        -: 1151:    {
    #####: 1152:      if (supplyCount(estate, state) > 0)
        -: 1153:      {
    #####: 1154:        gainCard(estate, state, 0, currentPlayer); //Gain an estate
    #####: 1155:        state->supplyCount[estate]--;              //Decrement Estates
    #####: 1156:        if (supplyCount(estate, state) == 0)
        -: 1157:        {
    #####: 1158:          isGameOver(state);
        -: 1159:        }
        -: 1160:      }
        -: 1161:    }
        -: 1162:
    #####: 1163:    return 0;
        -: 1164:
        -: 1165:  case great_hall:
        -: 1166:    //+1 Card
    #####: 1167:    drawCard(currentPlayer, state);
        -: 1168:
        -: 1169:    //+1 Actions
    #####: 1170:    state->numActions++;
        -: 1171:
        -: 1172:    //discard card from hand
    #####: 1173:    discardCard(handPos, currentPlayer, state, 0);
    #####: 1174:    return 0;
        -: 1175:
        -: 1176:  case minion:
    #####: 1177:    minionCard(handPos, state, currentPlayer, choice1, choice2);
    #####: 1178:    return 0;
        -: 1179:
        -: 1180:  case steward:
    #####: 1181:    if (choice1 == 1)
        -: 1182:    {
        -: 1183:      //+2 cards
    #####: 1184:      drawCard(currentPlayer, state);
    #####: 1185:      drawCard(currentPlayer, state);
        -: 1186:    }
    #####: 1187:    else if (choice1 == 2)
        -: 1188:    {
        -: 1189:      //+2 coins
    #####: 1190:      state->coins = state->coins + 2;
        -: 1191:    }
        -: 1192:    else
        -: 1193:    {
        -: 1194:      //trash 2 cards in hand
    #####: 1195:      discardCard(choice2, currentPlayer, state, 1);
    #####: 1196:      discardCard(choice3, currentPlayer, state, 1);
        -: 1197:    }
        -: 1198:
        -: 1199:    //discard card from hand
    #####: 1200:    discardCard(handPos, currentPlayer, state, 0);
    #####: 1201:    return 0;
        -: 1202:
        -: 1203:  case tribute:
    #####: 1204:    tributeCard(state, handPos, currentPlayer, nextPlayer, tributeRevealedCards);
    #####: 1205:    return 0;
        -: 1206:
        -: 1207:  case ambassador:
    #####: 1208:    j = 0; //used to check if player has enough cards to discard
        -: 1209:
    #####: 1210:    if (choice2 > 2 || choice2 < 0)
        -: 1211:    {
    #####: 1212:      return -1;
        -: 1213:    }
        -: 1214:
    #####: 1215:    if (choice1 == handPos)
        -: 1216:    {
    #####: 1217:      return -1;
        -: 1218:    }
        -: 1219:
    #####: 1220:    for (i = 0; i < state->handCount[currentPlayer]; i++)
        -: 1221:    {
    #####: 1222:      if (i != handPos && i == state->hand[currentPlayer][choice1] && i != choice1)
        -: 1223:      {
    #####: 1224:        j++;
        -: 1225:      }
        -: 1226:    }
    #####: 1227:    if (j < choice2)
        -: 1228:    {
    #####: 1229:      return -1;
        -: 1230:    }
        -: 1231:
        -: 1232:    if (DEBUG)
        -: 1233:      printf("Player %d reveals card number: %d\n", currentPlayer, state->hand[currentPlayer][choice1]);
        -: 1234:
        -: 1235:    //increase supply count for choosen card by amount being discarded
    #####: 1236:    state->supplyCount[state->hand[currentPlayer][choice1]] += choice2;
        -: 1237:
        -: 1238:    //each other player gains a copy of revealed card
    #####: 1239:    for (i = 0; i < state->numPlayers; i++)
        -: 1240:    {
    #####: 1241:      if (i != currentPlayer)
        -: 1242:      {
    #####: 1243:        gainCard(state->hand[currentPlayer][choice1], state, 0, i);
        -: 1244:      }
        -: 1245:    }
        -: 1246:
        -: 1247:    //discard played card from hand
    #####: 1248:    discardCard(handPos, currentPlayer, state, 0);
        -: 1249:
        -: 1250:    //trash copies of cards returned to supply
    #####: 1251:    for (j = 0; j < choice2; j++)
        -: 1252:    {
    #####: 1253:      for (i = 0; i < state->handCount[currentPlayer]; i++)
        -: 1254:      {
    #####: 1255:        if (state->hand[currentPlayer][i] == state->hand[currentPlayer][choice1])
        -: 1256:        {
    #####: 1257:          discardCard(i, currentPlayer, state, 1);
    #####: 1258:          break;
        -: 1259:        }
        -: 1260:      }
        -: 1261:    }
        -: 1262:
    #####: 1263:    return 0;
        -: 1264:
        -: 1265:  case cutpurse:
        -: 1266:
    #####: 1267:    updateCoins(currentPlayer, state, 2);
    #####: 1268:    for (i = 0; i < state->numPlayers; i++)
        -: 1269:    {
    #####: 1270:      if (i != currentPlayer)
        -: 1271:      {
    #####: 1272:        for (j = 0; j < state->handCount[i]; j++)
        -: 1273:        {
    #####: 1274:          if (state->hand[i][j] == copper)
        -: 1275:          {
    #####: 1276:            discardCard(j, i, state, 0);
    #####: 1277:            break;
        -: 1278:          }
    #####: 1279:          if (j == state->handCount[i])
        -: 1280:          {
    #####: 1281:            for (k = 0; k < state->handCount[i]; k++)
        -: 1282:            {
        -: 1283:              if (DEBUG)
        -: 1284:                printf("Player %d reveals card number %d\n", i, state->hand[i][k]);
        -: 1285:            }
    #####: 1286:            break;
        -: 1287:          }
        -: 1288:        }
        -: 1289:      }
        -: 1290:    }
        -: 1291:
        -: 1292:    //discard played card from hand
    #####: 1293:    discardCard(handPos, currentPlayer, state, 0);
        -: 1294:
    #####: 1295:    return 0;
        -: 1296:
        -: 1297:  case embargo:
        -: 1298:    //+2 Coins
    #####: 1299:    state->coins = state->coins + 2;
        -: 1300:
        -: 1301:    //see if selected pile is in play
    #####: 1302:    if (state->supplyCount[choice1] == -1)
        -: 1303:    {
    #####: 1304:      return -1;
        -: 1305:    }
        -: 1306:
        -: 1307:    //add embargo token to selected supply pile
    #####: 1308:    state->embargoTokens[choice1]++;
        -: 1309:
        -: 1310:    //trash card
    #####: 1311:    discardCard(handPos, currentPlayer, state, 1);
    #####: 1312:    return 0;
        -: 1313:
        -: 1314:  case outpost:
        -: 1315:    //set outpost flag
    #####: 1316:    state->outpostPlayed++;
        -: 1317:
        -: 1318:    //discard card
    #####: 1319:    discardCard(handPos, currentPlayer, state, 0);
    #####: 1320:    return 0;
        -: 1321:
        -: 1322:  case salvager:
        -: 1323:    //+1 buy
    #####: 1324:    state->numBuys++;
        -: 1325:
    #####: 1326:    if (choice1)
        -: 1327:    {
        -: 1328:      //gain coins equal to trashed card
    #####: 1329:      state->coins = state->coins + getCost(handCard(choice1, state));
        -: 1330:      //trash card
    #####: 1331:      discardCard(choice1, currentPlayer, state, 1);
        -: 1332:    }
        -: 1333:
        -: 1334:    //discard card
    #####: 1335:    discardCard(handPos, currentPlayer, state, 0);
    #####: 1336:    return 0;
        -: 1337:
        -: 1338:  case sea_hag:
    #####: 1339:    for (i = 0; i < state->numPlayers; i++)
        -: 1340:    {
    #####: 1341:      if (i != currentPlayer)
        -: 1342:      {
    #####: 1343:        state->discard[i][state->discardCount[i]] = state->deck[i][state->deckCount[i]--];
    #####: 1344:        state->deckCount[i]--;
    #####: 1345:        state->discardCount[i]++;
    #####: 1346:        state->deck[i][state->deckCount[i]--] = curse; //Top card now a curse
        -: 1347:      }
        -: 1348:    }
    #####: 1349:    return 0;
        -: 1350:
        -: 1351:  case treasure_map:
        -: 1352:    //search hand for another treasure_map
    #####: 1353:    index = -1;
    #####: 1354:    for (i = 0; i < state->handCount[currentPlayer]; i++)
        -: 1355:    {
    #####: 1356:      if (state->hand[currentPlayer][i] == treasure_map && i != handPos)
        -: 1357:      {
    #####: 1358:        index = i;
    #####: 1359:        break;
        -: 1360:      }
        -: 1361:    }
    #####: 1362:    if (index > -1)
        -: 1363:    {
        -: 1364:      //trash both treasure cards
    #####: 1365:      discardCard(handPos, currentPlayer, state, 1);
    #####: 1366:      discardCard(index, currentPlayer, state, 1);
        -: 1367:
        -: 1368:      //gain 4 Gold cards
    #####: 1369:      for (i = 0; i < 4; i++)
        -: 1370:      {
    #####: 1371:        gainCard(gold, state, 1, currentPlayer);
        -: 1372:      }
        -: 1373:
        -: 1374:      //return success
    #####: 1375:      return 1;
        -: 1376:    }
        -: 1377:
        -: 1378:    //no second treasure_map found in hand
    #####: 1379:    return -1;
        -: 1380:  }
        -: 1381:
    #####: 1382:  return -1;
        -: 1383:}
        -: 1384:
        1: 1385:int discardCard(int handPos, int currentPlayer, struct gameState *state, int trashFlag)
        -: 1386:{
        -: 1387:
        -: 1388:  //if card is not trashed, added to Played pile
        1: 1389:  if (trashFlag < 1)
        -: 1390:  {
        -: 1391:    //add card to played pile
        1: 1392:    state->playedCards[state->playedCardCount] = state->hand[currentPlayer][handPos];
        1: 1393:    state->playedCardCount++;
        -: 1394:  }
        -: 1395:
        -: 1396:  //set played card to -1
        1: 1397:  state->hand[currentPlayer][handPos] = -1;
        -: 1398:
        -: 1399:  //remove card from player's hand
        1: 1400:  if (handPos == (state->handCount[currentPlayer] - 1)) //last card in hand array is played
        -: 1401:  {
        -: 1402:    //reduce number of cards in hand
    #####: 1403:    state->handCount[currentPlayer]--;
        -: 1404:  }
        1: 1405:  else if (state->handCount[currentPlayer] == 1) //only one card in hand
        -: 1406:  {
        -: 1407:    //reduce number of cards in hand
    #####: 1408:    state->handCount[currentPlayer]--;
        -: 1409:  }
        -: 1410:  else
        -: 1411:  {
        -: 1412:    //replace discarded card with last card in hand
        1: 1413:    state->hand[currentPlayer][handPos] = state->hand[currentPlayer][(state->handCount[currentPlayer] - 1)];
        -: 1414:    //set last card to -1
        1: 1415:    state->hand[currentPlayer][state->handCount[currentPlayer] - 1] = -1;
        -: 1416:    //reduce number of cards in hand
        1: 1417:    state->handCount[currentPlayer]--;
        -: 1418:  }
        -: 1419:
        1: 1420:  return 0;
        -: 1421:}
        -: 1422:
    #####: 1423:int gainCard(int supplyPos, struct gameState *state, int toFlag, int player)
        -: 1424:{
        -: 1425:  //Note: supplyPos is enum of choosen card
        -: 1426:
        -: 1427:  //check if supply pile is empty (0) or card is not used in game (-1)
    #####: 1428:  if (supplyCount(supplyPos, state) < 1)
        -: 1429:  {
    #####: 1430:    return -1;
        -: 1431:  }
        -: 1432:
        -: 1433:  //added card for [whoseTurn] current player:
        -: 1434:  // toFlag = 0 : add to discard
        -: 1435:  // toFlag = 1 : add to deck
        -: 1436:  // toFlag = 2 : add to hand
        -: 1437:
    #####: 1438:  if (toFlag == 1)
        -: 1439:  {
    #####: 1440:    state->deck[player][state->deckCount[player]] = supplyPos;
    #####: 1441:    state->deckCount[player]++;
        -: 1442:  }
    #####: 1443:  else if (toFlag == 2)
        -: 1444:  {
    #####: 1445:    state->hand[player][state->handCount[player]] = supplyPos;
    #####: 1446:    state->handCount[player]++;
        -: 1447:  }
        -: 1448:  else
        -: 1449:  {
    #####: 1450:    state->discard[player][state->discardCount[player]] = supplyPos;
    #####: 1451:    state->discardCount[player]++;
        -: 1452:  }
        -: 1453:
        -: 1454:  //decrease number in supply pile
    #####: 1455:  state->supplyCount[supplyPos]--;
        -: 1456:
    #####: 1457:  return 0;
        -: 1458:}
        -: 1459:
        1: 1460:int updateCoins(int player, struct gameState *state, int bonus)
        -: 1461:{
        -: 1462:  int i;
        -: 1463:
        -: 1464:  //reset coin count
        1: 1465:  state->coins = 0;
        -: 1466:
        -: 1467:  //add coins for each Treasure card in player's hand
        6: 1468:  for (i = 0; i < state->handCount[player]; i++)
        -: 1469:  {
        5: 1470:    if (state->hand[player][i] == copper)
        -: 1471:    {
        4: 1472:      state->coins += 1;
        -: 1473:    }
        1: 1474:    else if (state->hand[player][i] == silver)
        -: 1475:    {
    #####: 1476:      state->coins += 2;
        -: 1477:    }
        1: 1478:    else if (state->hand[player][i] == gold)
        -: 1479:    {
    #####: 1480:      state->coins += 3;
        -: 1481:    }
        -: 1482:  }
        -: 1483:
        -: 1484:  //add bonus
        1: 1485:  state->coins += bonus;
        -: 1486:
        1: 1487:  return 0;
        -: 1488:}
        -: 1489:
        -: 1490://end of dominion.c
